<?xml version="1.0" encoding="UTF-8"?>
<coverage generated="1771672404212" clover="3.2.0">
  <project timestamp="1771672404212" name="All files">
    <metrics statements="39" coveredstatements="38" conditionals="8" coveredconditionals="6" methods="20" coveredmethods="17" elements="67" coveredelements="61" complexity="0" loc="39" ncloc="39" packages="5" files="6" classes="6"/>
    <package name="app">
      <metrics statements="15" coveredstatements="14" conditionals="4" coveredconditionals="2" methods="8" coveredmethods="5"/>
      <file name="ThemeContext.tsx" path="C:\Users\saric\vehiculhogar\ReactNative\app\ThemeContext.tsx">
        <metrics statements="15" coveredstatements="14" conditionals="4" coveredconditionals="2" methods="8" coveredmethods="5"/>
        <line num="11" count="2" type="stmt"/>
        <line num="13" count="2" type="stmt"/>
        <line num="14" count="6" type="stmt"/>
        <line num="15" count="6" type="stmt"/>
        <line num="17" count="6" type="stmt"/>
        <line num="18" count="6" type="stmt"/>
        <line num="19" count="0" type="stmt"/>
        <line num="21" count="6" type="stmt"/>
        <line num="24" count="6" type="stmt"/>
        <line num="26" count="6" type="stmt"/>
        <line num="32" count="6" type="stmt"/>
        <line num="39" count="2" type="stmt"/>
        <line num="40" count="61" type="stmt"/>
        <line num="41" count="61" type="cond" truecount="1" falsecount="1"/>
        <line num="42" count="61" type="stmt"/>
      </file>
    </package>
    <package name="app.(tabs)">
      <metrics statements="11" coveredstatements="11" conditionals="0" coveredconditionals="0" methods="5" coveredmethods="5"/>
      <file name="search.tsx" path="C:\Users\saric\vehiculhogar\ReactNative\app\(tabs)\search.tsx">
        <metrics statements="11" coveredstatements="11" conditionals="0" coveredconditionals="0" methods="5" coveredmethods="5"/>
        <line num="8" count="5" type="stmt"/>
        <line num="9" count="5" type="stmt"/>
        <line num="10" count="5" type="stmt"/>
        <line num="12" count="5" type="stmt"/>
        <line num="13" count="5" type="stmt"/>
        <line num="15" count="5" type="stmt"/>
        <line num="16" count="5" type="stmt"/>
        <line num="17" count="5" type="stmt"/>
        <line num="20" count="5" type="stmt"/>
        <line num="36" count="52" type="stmt"/>
        <line num="53" count="2" type="stmt"/>
      </file>
    </package>
    <package name="components">
      <metrics statements="7" coveredstatements="7" conditionals="2" coveredconditionals="2" methods="5" coveredmethods="5"/>
      <file name="ItemList.tsx" path="C:\Users\saric\vehiculhogar\ReactNative\components\ItemList.tsx">
        <metrics statements="7" coveredstatements="7" conditionals="2" coveredconditionals="2" methods="5" coveredmethods="5"/>
        <line num="16" count="56" type="stmt"/>
        <line num="17" count="56" type="stmt"/>
        <line num="19" count="56" type="stmt"/>
        <line num="21" count="56" type="stmt"/>
        <line num="23" count="1" type="stmt"/>
        <line num="27" count="58" type="stmt"/>
        <line num="63" count="55" type="stmt"/>
      </file>
    </package>
    <package name="constants">
      <metrics statements="2" coveredstatements="2" conditionals="0" coveredconditionals="0" methods="0" coveredmethods="0"/>
      <file name="Colors.ts" path="C:\Users\saric\vehiculhogar\ReactNative\constants\Colors.ts">
        <metrics statements="1" coveredstatements="1" conditionals="0" coveredconditionals="0" methods="0" coveredmethods="0"/>
        <line num="1" count="2" type="stmt"/>
      </file>
      <file name="Vehicles.ts" path="C:\Users\saric\vehiculhogar\ReactNative\constants\Vehicles.ts">
        <metrics statements="1" coveredstatements="1" conditionals="0" coveredconditionals="0" methods="0" coveredmethods="0"/>
        <line num="10" count="2" type="stmt"/>
      </file>
    </package>
    <package name="hooks">
      <metrics statements="4" coveredstatements="4" conditionals="2" coveredconditionals="2" methods="2" coveredmethods="2"/>
      <file name="useFilteredVehicles.ts" path="C:\Users\saric\vehiculhogar\ReactNative\hooks\useFilteredVehicles.ts">
        <metrics statements="4" coveredstatements="4" conditionals="2" coveredconditionals="2" methods="2" coveredmethods="2"/>
        <line num="7" count="9" type="stmt"/>
        <line num="9" count="9" type="stmt"/>
        <line num="10" count="225" type="cond" truecount="2" falsecount="0"/>
        <line num="14" count="9" type="stmt"/>
      </file>
    </package>
  </project>
</coverage>
