{"C:\\Users\\saric\\vehiculhogar\\ReactNative\\constants\\Vehicles.ts": {"path":"C:\\Users\\saric\\vehiculhogar\\ReactNative\\constants\\Vehicles.ts","statementMap":{"0":{"start":{"line":10,"column":25},"end":{"line":36,"column":2}}},"fnMap":{},"branchMap":{},"s":{"0":1},"f":{},"b":{},"_coverageSchema":"1a1c01bbd47fc00a2c39e90264f33305004495a9","hash":"a630c1b8967bb9126af5abd99f050c56365584c7"}
,"C:\\Users\\saric\\vehiculhogar\\ReactNative\\hooks\\useFilteredVehicles.ts": {"path":"C:\\Users\\saric\\vehiculhogar\\ReactNative\\hooks\\useFilteredVehicles.ts","statementMap":{"0":{"start":{"line":7,"column":40},"end":{"line":7,"column":52}},"1":{"start":{"line":9,"column":28},"end":{"line":12,"column":3}},"2":{"start":{"line":10,"column":4},"end":{"line":11,"column":72}},"3":{"start":{"line":14,"column":2},"end":{"line":14,"column":60}}},"fnMap":{"0":{"name":"useFilteredVehicles","decl":{"start":{"line":4,"column":9},"end":{"line":4,"column":28}},"loc":{"start":{"line":4,"column":31},"end":{"line":18,"column":1}},"line":4},"1":{"name":"(anonymous_1)","decl":{"start":{"line":9,"column":66},"end":{"line":9,"column":67}},"loc":{"start":{"line":10,"column":4},"end":{"line":11,"column":72}},"line":10}},"branchMap":{"0":{"loc":{"start":{"line":10,"column":4},"end":{"line":11,"column":72}},"type":"binary-expr","locations":[{"start":{"line":10,"column":4},"end":{"line":10,"column":69}},{"start":{"line":11,"column":4},"end":{"line":11,"column":72}}],"line":10}},"s":{"0":4,"1":4,"2":100,"3":4},"f":{"0":4,"1":100},"b":{"0":[100,50]},"_coverageSchema":"1a1c01bbd47fc00a2c39e90264f33305004495a9","hash":"967358e49ee81ae593212e81603f439879184029"}
}
