{"C:\\Users\\saric\\vehiculhogar\\ReactNative\\app\\ThemeContext.tsx": {"path":"C:\\Users\\saric\\vehiculhogar\\ReactNative\\app\\ThemeContext.tsx","statementMap":{"0":{"start":{"line":11,"column":21},"end":{"line":11,"column":75}},"1":{"start":{"line":13,"column":29},"end":{"line":37,"column":1}},"2":{"start":{"line":14,"column":17},"end":{"line":14,"column":44}},"3":{"start":{"line":15,"column":30},"end":{"line":15,"column":72}},"4":{"start":{"line":15,"column":54},"end":{"line":15,"column":71}},"5":{"start":{"line":17,"column":2},"end":{"line":22,"column":9}},"6":{"start":{"line":18,"column":16},"end":{"line":20,"column":6}},"7":{"start":{"line":19,"column":6},"end":{"line":19,"column":40}},"8":{"start":{"line":21,"column":4},"end":{"line":21,"column":30}},"9":{"start":{"line":21,"column":17},"end":{"line":21,"column":29}},"10":{"start":{"line":24,"column":22},"end":{"line":24,"column":54}},"11":{"start":{"line":24,"column":28},"end":{"line":24,"column":54}},"12":{"start":{"line":24,"column":48},"end":{"line":24,"column":53}},"13":{"start":{"line":26,"column":34},"end":{"line":30,"column":3}},"14":{"start":{"line":32,"column":2},"end":{"line":36,"column":4}},"15":{"start":{"line":39,"column":24},"end":{"line":43,"column":1}},"16":{"start":{"line":40,"column":18},"end":{"line":40,"column":42}},"17":{"start":{"line":41,"column":2},"end":{"line":41,"column":83}},"18":{"start":{"line":41,"column":16},"end":{"line":41,"column":83}},"19":{"start":{"line":42,"column":2},"end":{"line":42,"column":17}}},"fnMap":{"0":{"name":"(anonymous_0)","decl":{"start":{"line":13,"column":29},"end":{"line":13,"column":30}},"loc":{"start":{"line":13,"column":72},"end":{"line":37,"column":1}},"line":13},"1":{"name":"(anonymous_1)","decl":{"start":{"line":15,"column":48},"end":{"line":15,"column":49}},"loc":{"start":{"line":15,"column":54},"end":{"line":15,"column":71}},"line":15},"2":{"name":"(anonymous_2)","decl":{"start":{"line":17,"column":12},"end":{"line":17,"column":13}},"loc":{"start":{"line":17,"column":18},"end":{"line":22,"column":3}},"line":17},"3":{"name":"(anonymous_3)","decl":{"start":{"line":18,"column":45},"end":{"line":18,"column":46}},"loc":{"start":{"line":18,"column":66},"end":{"line":20,"column":5}},"line":18},"4":{"name":"(anonymous_4)","decl":{"start":{"line":21,"column":11},"end":{"line":21,"column":12}},"loc":{"start":{"line":21,"column":17},"end":{"line":21,"column":29}},"line":21},"5":{"name":"(anonymous_5)","decl":{"start":{"line":24,"column":22},"end":{"line":24,"column":23}},"loc":{"start":{"line":24,"column":28},"end":{"line":24,"column":54}},"line":24},"6":{"name":"(anonymous_6)","decl":{"start":{"line":24,"column":38},"end":{"line":24,"column":39}},"loc":{"start":{"line":24,"column":48},"end":{"line":24,"column":53}},"line":24},"7":{"name":"(anonymous_7)","decl":{"start":{"line":39,"column":24},"end":{"line":39,"column":25}},"loc":{"start":{"line":39,"column":30},"end":{"line":43,"column":1}},"line":39}},"branchMap":{"0":{"loc":{"start":{"line":28,"column":12},"end":{"line":28,"column":47}},"type":"cond-expr","locations":[{"start":{"line":28,"column":21},"end":{"line":28,"column":32}},{"start":{"line":28,"column":35},"end":{"line":28,"column":47}}],"line":28},"1":{"loc":{"start":{"line":41,"column":2},"end":{"line":41,"column":83}},"type":"if","locations":[{"start":{"line":41,"column":2},"end":{"line":41,"column":83}},{"start":{},"end":{}}],"line":41}},"s":{"0":2,"1":2,"2":6,"3":6,"4":6,"5":6,"6":6,"7":0,"8":6,"9":5,"10":6,"11":0,"12":0,"13":6,"14":6,"15":2,"16":61,"17":61,"18":0,"19":61},"f":{"0":6,"1":6,"2":6,"3":0,"4":5,"5":0,"6":0,"7":61},"b":{"0":[0,6],"1":[0,61]},"_coverageSchema":"1a1c01bbd47fc00a2c39e90264f33305004495a9","hash":"37ee167e2a9740e4893a47e8cdd7dd9fb88fe95d"}
,"C:\\Users\\saric\\vehiculhogar\\ReactNative\\app\\(tabs)\\search.tsx": {"path":"C:\\Users\\saric\\vehiculhogar\\ReactNative\\app\\(tabs)\\search.tsx","statementMap":{"0":{"start":{"line":8,"column":61},"end":{"line":8,"column":82}},"1":{"start":{"line":9,"column":21},"end":{"line":9,"column":31}},"2":{"start":{"line":10,"column":17},"end":{"line":10,"column":66}},"3":{"start":{"line":10,"column":37},"end":{"line":10,"column":55}},"4":{"start":{"line":12,"column":2},"end":{"line":12,"column":69}},"5":{"start":{"line":13,"column":2},"end":{"line":13,"column":42}},"6":{"start":{"line":15,"column":2},"end":{"line":18,"column":5}},"7":{"start":{"line":16,"column":4},"end":{"line":16,"column":47}},"8":{"start":{"line":17,"column":4},"end":{"line":17,"column":73}},"9":{"start":{"line":20,"column":2},"end":{"line":49,"column":4}},"10":{"start":{"line":36,"column":12},"end":{"line":44,"column":14}},"11":{"start":{"line":53,"column":19},"end":{"line":85,"column":2}},"12":{"start":{"line":53,"column":36},"end":{"line":85,"column":2}}},"fnMap":{"0":{"name":"Search","decl":{"start":{"line":7,"column":24},"end":{"line":7,"column":30}},"loc":{"start":{"line":7,"column":33},"end":{"line":50,"column":1}},"line":7},"1":{"name":"(anonymous_1)","decl":{"start":{"line":10,"column":31},"end":{"line":10,"column":32}},"loc":{"start":{"line":10,"column":37},"end":{"line":10,"column":55}},"line":10},"2":{"name":"(anonymous_2)","decl":{"start":{"line":15,"column":12},"end":{"line":15,"column":13}},"loc":{"start":{"line":15,"column":18},"end":{"line":18,"column":3}},"line":15},"3":{"name":"(anonymous_3)","decl":{"start":{"line":35,"column":33},"end":{"line":35,"column":34}},"loc":{"start":{"line":36,"column":12},"end":{"line":44,"column":14}},"line":36},"4":{"name":"(anonymous_4)","decl":{"start":{"line":53,"column":19},"end":{"line":53,"column":20}},"loc":{"start":{"line":53,"column":36},"end":{"line":85,"column":2}},"line":53}},"branchMap":{},"s":{"0":5,"1":5,"2":5,"3":2,"4":5,"5":5,"6":5,"7":5,"8":5,"9":5,"10":52,"11":1,"12":2},"f":{"0":5,"1":2,"2":5,"3":52,"4":2},"b":{},"_coverageSchema":"1a1c01bbd47fc00a2c39e90264f33305004495a9","hash":"fc097edd3622669c88b57d24b8762a1b225a3441"}
,"C:\\Users\\saric\\vehiculhogar\\ReactNative\\components\\ItemList.tsx": {"path":"C:\\Users\\saric\\vehiculhogar\\ReactNative\\components\\ItemList.tsx","statementMap":{"0":{"start":{"line":16,"column":19},"end":{"line":16,"column":30}},"1":{"start":{"line":17,"column":23},"end":{"line":17,"column":33}},"2":{"start":{"line":19,"column":19},"end":{"line":19,"column":68}},"3":{"start":{"line":19,"column":39},"end":{"line":19,"column":57}},"4":{"start":{"line":21,"column":4},"end":{"line":59,"column":6}},"5":{"start":{"line":23,"column":27},"end":{"line":26,"column":14}},"6":{"start":{"line":27,"column":36},"end":{"line":30,"column":13}},"7":{"start":{"line":63,"column":19},"end":{"line":111,"column":2}},"8":{"start":{"line":63,"column":36},"end":{"line":111,"column":2}}},"fnMap":{"0":{"name":"ItemList","decl":{"start":{"line":15,"column":9},"end":{"line":15,"column":17}},"loc":{"start":{"line":15,"column":83},"end":{"line":61,"column":1}},"line":15},"1":{"name":"(anonymous_1)","decl":{"start":{"line":19,"column":33},"end":{"line":19,"column":34}},"loc":{"start":{"line":19,"column":39},"end":{"line":19,"column":57}},"line":19},"2":{"name":"(anonymous_2)","decl":{"start":{"line":23,"column":21},"end":{"line":23,"column":22}},"loc":{"start":{"line":23,"column":27},"end":{"line":26,"column":14}},"line":23},"3":{"name":"(anonymous_3)","decl":{"start":{"line":27,"column":19},"end":{"line":27,"column":20}},"loc":{"start":{"line":27,"column":36},"end":{"line":30,"column":13}},"line":27},"4":{"name":"(anonymous_4)","decl":{"start":{"line":63,"column":19},"end":{"line":63,"column":20}},"loc":{"start":{"line":63,"column":36},"end":{"line":111,"column":2}},"line":63}},"branchMap":{"0":{"loc":{"start":{"line":29,"column":16},"end":{"line":29,"column":50}},"type":"binary-expr","locations":[{"start":{"line":29,"column":16},"end":{"line":29,"column":23}},{"start":{"line":29,"column":27},"end":{"line":29,"column":50}}],"line":29}},"s":{"0":56,"1":56,"2":56,"3":55,"4":56,"5":1,"6":58,"7":2,"8":55},"f":{"0":56,"1":55,"2":1,"3":58,"4":55},"b":{"0":[58,1]},"_coverageSchema":"1a1c01bbd47fc00a2c39e90264f33305004495a9","hash":"a2e40e218f21021ba69bc038ea451a80c0265e3f"}
,"C:\\Users\\saric\\vehiculhogar\\ReactNative\\constants\\Colors.ts": {"path":"C:\\Users\\saric\\vehiculhogar\\ReactNative\\constants\\Colors.ts","statementMap":{"0":{"start":{"line":1,"column":22},"end":{"line":16,"column":1}}},"fnMap":{},"branchMap":{},"s":{"0":2},"f":{},"b":{},"_coverageSchema":"1a1c01bbd47fc00a2c39e90264f33305004495a9","hash":"e0624c2992b5dd7caa9572b999ddfd08cfa6592e"}
,"C:\\Users\\saric\\vehiculhogar\\ReactNative\\constants\\Vehicles.ts": {"path":"C:\\Users\\saric\\vehiculhogar\\ReactNative\\constants\\Vehicles.ts","statementMap":{"0":{"start":{"line":10,"column":25},"end":{"line":36,"column":2}}},"fnMap":{},"branchMap":{},"s":{"0":2},"f":{},"b":{},"_coverageSchema":"1a1c01bbd47fc00a2c39e90264f33305004495a9","hash":"a630c1b8967bb9126af5abd99f050c56365584c7"}
,"C:\\Users\\saric\\vehiculhogar\\ReactNative\\hooks\\useFilteredVehicles.ts": {"path":"C:\\Users\\saric\\vehiculhogar\\ReactNative\\hooks\\useFilteredVehicles.ts","statementMap":{"0":{"start":{"line":7,"column":40},"end":{"line":7,"column":52}},"1":{"start":{"line":9,"column":28},"end":{"line":12,"column":3}},"2":{"start":{"line":10,"column":4},"end":{"line":11,"column":72}},"3":{"start":{"line":14,"column":2},"end":{"line":14,"column":60}}},"fnMap":{"0":{"name":"useFilteredVehicles","decl":{"start":{"line":4,"column":9},"end":{"line":4,"column":28}},"loc":{"start":{"line":4,"column":31},"end":{"line":18,"column":1}},"line":4},"1":{"name":"(anonymous_1)","decl":{"start":{"line":9,"column":66},"end":{"line":9,"column":67}},"loc":{"start":{"line":10,"column":4},"end":{"line":11,"column":72}},"line":10}},"branchMap":{"0":{"loc":{"start":{"line":10,"column":4},"end":{"line":11,"column":72}},"type":"binary-expr","locations":[{"start":{"line":10,"column":4},"end":{"line":10,"column":69}},{"start":{"line":11,"column":4},"end":{"line":11,"column":72}}],"line":10}},"s":{"0":9,"1":9,"2":225,"3":9},"f":{"0":9,"1":225},"b":{"0":[225,124]},"_coverageSchema":"1a1c01bbd47fc00a2c39e90264f33305004495a9","hash":"967358e49ee81ae593212e81603f439879184029"}
}
