TN:
SF:app\ThemeContext.tsx
FN:13,(anonymous_0)
FN:15,(anonymous_1)
FN:17,(anonymous_2)
FN:18,(anonymous_3)
FN:21,(anonymous_4)
FN:24,(anonymous_5)
FN:24,(anonymous_6)
FN:39,(anonymous_7)
FNF:8
FNH:5
FNDA:6,(anonymous_0)
FNDA:6,(anonymous_1)
FNDA:6,(anonymous_2)
FNDA:0,(anonymous_3)
FNDA:5,(anonymous_4)
FNDA:0,(anonymous_5)
FNDA:0,(anonymous_6)
FNDA:61,(anonymous_7)
DA:11,2
DA:13,2
DA:14,6
DA:15,6
DA:17,6
DA:18,6
DA:19,0
DA:21,6
DA:24,6
DA:26,6
DA:32,6
DA:39,2
DA:40,61
DA:41,61
DA:42,61
LF:15
LH:14
BRDA:28,0,0,0
BRDA:28,0,1,6
BRDA:41,1,0,0
BRDA:41,1,1,61
BRF:4
BRH:2
end_of_record
TN:
SF:app\(tabs)\search.tsx
FN:7,Search
FN:10,(anonymous_1)
FN:15,(anonymous_2)
FN:35,(anonymous_3)
FN:53,(anonymous_4)
FNF:5
FNH:5
FNDA:5,Search
FNDA:2,(anonymous_1)
FNDA:5,(anonymous_2)
FNDA:52,(anonymous_3)
FNDA:2,(anonymous_4)
DA:8,5
DA:9,5
DA:10,5
DA:12,5
DA:13,5
DA:15,5
DA:16,5
DA:17,5
DA:20,5
DA:36,52
DA:53,2
LF:11
LH:11
BRF:0
BRH:0
end_of_record
TN:
SF:components\ItemList.tsx
FN:15,ItemList
FN:19,(anonymous_1)
FN:23,(anonymous_2)
FN:27,(anonymous_3)
FN:63,(anonymous_4)
FNF:5
FNH:5
FNDA:56,ItemList
FNDA:55,(anonymous_1)
FNDA:1,(anonymous_2)
FNDA:58,(anonymous_3)
FNDA:55,(anonymous_4)
DA:16,56
DA:17,56
DA:19,56
DA:21,56
DA:23,1
DA:27,58
DA:63,55
LF:7
LH:7
BRDA:29,0,0,58
BRDA:29,0,1,1
BRF:2
BRH:2
end_of_record
TN:
SF:constants\Colors.ts
FNF:0
FNH:0
DA:1,2
LF:1
LH:1
BRF:0
BRH:0
end_of_record
TN:
SF:constants\Vehicles.ts
FNF:0
FNH:0
DA:10,2
LF:1
LH:1
BRF:0
BRH:0
end_of_record
TN:
SF:hooks\useFilteredVehicles.ts
FN:4,useFilteredVehicles
FN:9,(anonymous_1)
FNF:2
FNH:2
FNDA:9,useFilteredVehicles
FNDA:225,(anonymous_1)
DA:7,9
DA:9,9
DA:10,225
DA:14,9
LF:4
LH:4
BRDA:10,0,0,225
BRDA:10,0,1,124
BRF:2
BRH:2
end_of_record
