TN:
SF:app\ThemeContext.tsx
FN:13,(anonymous_0)
FN:15,(anonymous_1)
FN:17,(anonymous_2)
FN:18,(anonymous_3)
FN:21,(anonymous_4)
FN:24,(anonymous_5)
FN:24,(anonymous_6)
FN:39,(anonymous_7)
FNF:8
FNH:5
FNDA:4,(anonymous_0)
FNDA:4,(anonymous_1)
FNDA:4,(anonymous_2)
FNDA:0,(anonymous_3)
FNDA:3,(anonymous_4)
FNDA:0,(anonymous_5)
FNDA:0,(anonymous_6)
FNDA:4,(anonymous_7)
DA:11,1
DA:13,1
DA:14,4
DA:15,4
DA:17,4
DA:18,4
DA:19,0
DA:21,4
DA:24,4
DA:26,4
DA:32,4
DA:39,1
DA:40,4
DA:41,4
DA:42,4
LF:15
LH:14
BRDA:28,0,0,0
BRDA:28,0,1,4
BRDA:41,1,0,0
BRDA:41,1,1,4
BRF:4
BRH:2
end_of_record
TN:
SF:components\ItemList.tsx
FN:15,ItemList
FN:19,(anonymous_1)
FN:23,(anonymous_2)
FN:27,(anonymous_3)
FN:61,(anonymous_4)
FNF:5
FNH:5
FNDA:4,ItemList
FNDA:4,(anonymous_1)
FNDA:1,(anonymous_2)
FNDA:6,(anonymous_3)
FNDA:4,(anonymous_4)
DA:16,4
DA:17,4
DA:19,4
DA:21,4
DA:23,1
DA:27,6
DA:61,4
LF:7
LH:7
BRDA:29,0,0,6
BRDA:29,0,1,1
BRF:2
BRH:2
end_of_record
TN:
SF:constants\Colors.ts
FNF:0
FNH:0
DA:1,1
LF:1
LH:1
BRF:0
BRH:0
end_of_record
TN:
SF:constants\Vehicles.ts
FNF:0
FNH:0
DA:10,1
LF:1
LH:1
BRF:0
BRH:0
end_of_record
TN:
SF:hooks\useFilteredVehicles.ts
FN:4,useFilteredVehicles
FN:9,(anonymous_1)
FNF:2
FNH:2
FNDA:4,useFilteredVehicles
FNDA:100,(anonymous_1)
DA:7,4
DA:9,4
DA:10,100
DA:14,4
LF:4
LH:4
BRDA:10,0,0,100
BRDA:10,0,1,50
BRF:2
BRH:2
end_of_record
